<?xml version="1.0" encoding="UTF-8"?>
<!-- Generated by org.testng.reporters.JUnitReportReporter -->
<testsuite skipped="0" hostname="DESKTOP-VJ7VU4J" name="com.hrms.testcases.AssertionDemo" tests="1" failures="0" timestamp="2020-06-05T23:02:41 EDT" time="0.004" errors="0">
  <testcase name="methodOne" time="0.004" classname="com.hrms.testcases.AssertionDemo"/>
  <system-out/>
</testsuite> <!-- com.hrms.testcases.AssertionDemo -->
