<?xml version="1.0" encoding="UTF-8"?>
<!-- Generated by org.testng.reporters.JUnitReportReporter -->
<testsuite skipped="0" hostname="DESKTOP-VJ7VU4J" name="com.hrms.testcases.AnnotationDemo" tests="3" failures="0" timestamp="2020-06-05T23:02:41 EDT" time="0.005" errors="0">
  <testcase name="methodOne" time="0.002" classname="com.hrms.testcases.AnnotationDemo"/>
  <system-out/>
  <testcase name="methodTwo" time="0.001" classname="com.hrms.testcases.AnnotationDemo"/>
  <system-out/>
  <testcase name="methodThree" time="0.002" classname="com.hrms.testcases.AnnotationDemo"/>
  <system-out/>
</testsuite> <!-- com.hrms.testcases.AnnotationDemo -->
